--------------- Build Started: 04/02/2025 10:38:09 Project: ThinPAVEBootloader, Configuration: ARM GCC 5.4-2016-q2-update Debug ---------------
cydsfit.exe -.appdatapath "C:\Users\dsteckmann\AppData\Local\Cypress Semiconductor\PSoC Creator\4.1" -.fdsnotice -.fdswarpdepfile=warp_dependencies.txt -.fdselabdepfile=elab_dependencies.txt -.fdsbldfile=generated_files.txt -.fdsreffile=referenced_files.txt -p "C:\D_Projects\Software\PSOC5\ThinPAVE\ThinPave REV 1.02.cydsn\ThinPAVEBootloader.cydsn\ThinPAVEBootloader.cyprj" -d CY8C5868AXI-LP035 -s "C:\D_Projects\Software\PSOC5\ThinPAVE\ThinPave REV 1.02.cydsn\ThinPAVEBootloader.cydsn\Generated_Source\PSoC5" -- -yv2 -q10 -ygs -o2 -v3 -.fftcfgtype=LE
Elaborating Design...
HDL Generation...
Synthesis...
Tech Mapping...
Analog Placement...
Analog Routing...
Analog Code Generation...
Digital Placement...
Digital Routing...
Bitstream Generation...
Bitstream Verification...
Static timing analysis...
API Generation...
Dependency Generation...
Cleanup...
arm-none-eabi-gcc.exe -mcpu=cortex-m3 -mthumb -I. -IGenerated_Source\PSoC5 -Wa,-alh=.\ARM_GCC_541\Debug/main.lst -g -D DEBUG -Wall -ffunction-sections -ffat-lto-objects -O0 -c main.c -o .\ARM_GCC_541\Debug\main.o
arm-none-eabi-gcc.exe -mcpu=cortex-m3 -mthumb -I. -IGenerated_Source\PSoC5 -Wa,-alh=.\ARM_GCC_541\Debug/lcd.lst -g -D DEBUG -Wall -ffunction-sections -ffat-lto-objects -O0 -c lcd.c -o .\ARM_GCC_541\Debug\lcd.o
arm-none-eabi-gcc.exe -mcpu=cortex-m3 -mthumb -I. -IGenerated_Source\PSoC5 -Wa,-alh=.\ARM_GCC_541\Debug/cyfitter_cfg.lst -g -D DEBUG -Wall -ffunction-sections -ffat-lto-objects -O0 -c Generated_Source\PSoC5\cyfitter_cfg.c -o .\ARM_GCC_541\Debug\cyfitter_cfg.o
arm-none-eabi-gcc.exe -mcpu=cortex-m3 -mthumb -I. -IGenerated_Source\PSoC5 -Wa,-alh=.\ARM_GCC_541\Debug/cymetadata.lst -g -D DEBUG -Wall -ffunction-sections -ffat-lto-objects -O0 -c Generated_Source\PSoC5\cymetadata.c -o .\ARM_GCC_541\Debug\cymetadata.o
arm-none-eabi-gcc.exe -mcpu=cortex-m3 -mthumb -I. -IGenerated_Source\PSoC5 -Wa,-alh=.\ARM_GCC_541\Debug/Bootloader_1.lst -g -D DEBUG -Wall -ffunction-sections -ffat-lto-objects -O0 -c Generated_Source\PSoC5\Bootloader_1.c -o .\ARM_GCC_541\Debug\Bootloader_1.o
arm-none-eabi-gcc.exe -mcpu=cortex-m3 -mthumb -I. -IGenerated_Source\PSoC5 -Wa,-alh=.\ARM_GCC_541\Debug/LCDEN.lst -g -D DEBUG -Wall -ffunction-sections -ffat-lto-objects -O0 -c Generated_Source\PSoC5\LCDEN.c -o .\ARM_GCC_541\Debug\LCDEN.o
arm-none-eabi-gcc.exe -mcpu=cortex-m3 -mthumb -I. -IGenerated_Source\PSoC5 -Wa,-alh=.\ARM_GCC_541\Debug/LCDEN_PM.lst -g -D DEBUG -Wall -ffunction-sections -ffat-lto-objects -O0 -c Generated_Source\PSoC5\LCDEN_PM.c -o .\ARM_GCC_541\Debug\LCDEN_PM.o
arm-none-eabi-gcc.exe -mcpu=cortex-m3 -mthumb -I. -IGenerated_Source\PSoC5 -Wa,-alh=.\ARM_GCC_541\Debug/LCDRS.lst -g -D DEBUG -Wall -ffunction-sections -ffat-lto-objects -O0 -c Generated_Source\PSoC5\LCDRS.c -o .\ARM_GCC_541\Debug\LCDRS.o
arm-none-eabi-gcc.exe -mcpu=cortex-m3 -mthumb -I. -IGenerated_Source\PSoC5 -Wa,-alh=.\ARM_GCC_541\Debug/LCDRS_PM.lst -g -D DEBUG -Wall -ffunction-sections -ffat-lto-objects -O0 -c Generated_Source\PSoC5\LCDRS_PM.c -o .\ARM_GCC_541\Debug\LCDRS_PM.o
arm-none-eabi-gcc.exe -mcpu=cortex-m3 -mthumb -I. -IGenerated_Source\PSoC5 -Wa,-alh=.\ARM_GCC_541\Debug/LCD_RST.lst -g -D DEBUG -Wall -ffunction-sections -ffat-lto-objects -O0 -c Generated_Source\PSoC5\LCD_RST.c -o .\ARM_GCC_541\Debug\LCD_RST.o
arm-none-eabi-gcc.exe -mcpu=cortex-m3 -mthumb -I. -IGenerated_Source\PSoC5 -Wa,-alh=.\ARM_GCC_541\Debug/LCD_ENABLE.lst -g -D DEBUG -Wall -ffunction-sections -ffat-lto-objects -O0 -c Generated_Source\PSoC5\LCD_ENABLE.c -o .\ARM_GCC_541\Debug\LCD_ENABLE.o
arm-none-eabi-gcc.exe -mcpu=cortex-m3 -mthumb -I. -IGenerated_Source\PSoC5 -Wa,-alh=.\ARM_GCC_541\Debug/LCD_RD_Reg.lst -g -D DEBUG -Wall -ffunction-sections -ffat-lto-objects -O0 -c Generated_Source\PSoC5\LCD_RD_Reg.c -o .\ARM_GCC_541\Debug\LCD_RD_Reg.o
arm-none-eabi-gcc.exe -mcpu=cortex-m3 -mthumb -I. -IGenerated_Source\PSoC5 -Wa,-alh=.\ARM_GCC_541\Debug/LCD_Reg.lst -g -D DEBUG -Wall -ffunction-sections -ffat-lto-objects -O0 -c Generated_Source\PSoC5\LCD_Reg.c -o .\ARM_GCC_541\Debug\LCD_Reg.o
arm-none-eabi-gcc.exe -mcpu=cortex-m3 -mthumb -I. -IGenerated_Source\PSoC5 -Wa,-alh=.\ARM_GCC_541\Debug/LCD_Reg_PM.lst -g -D DEBUG -Wall -ffunction-sections -ffat-lto-objects -O0 -c Generated_Source\PSoC5\LCD_Reg_PM.c -o .\ARM_GCC_541\Debug\LCD_Reg_PM.o
arm-none-eabi-gcc.exe -mcpu=cortex-m3 -mthumb -I. -IGenerated_Source\PSoC5 -Wa,-alh=.\ARM_GCC_541\Debug/ALFAT_EN.lst -g -D DEBUG -Wall -ffunction-sections -ffat-lto-objects -O0 -c Generated_Source\PSoC5\ALFAT_EN.c -o .\ARM_GCC_541\Debug\ALFAT_EN.o
arm-none-eabi-gcc.exe -mcpu=cortex-m3 -mthumb -I. -IGenerated_Source\PSoC5 -Wa,-alh=.\ARM_GCC_541\Debug/ALFAT_EN_PM.lst -g -D DEBUG -Wall -ffunction-sections -ffat-lto-objects -O0 -c Generated_Source\PSoC5\ALFAT_EN_PM.c -o .\ARM_GCC_541\Debug\ALFAT_EN_PM.o
arm-none-eabi-gcc.exe -mcpu=cortex-m3 -mthumb -I. -IGenerated_Source\PSoC5 -Wa,-alh=.\ARM_GCC_541\Debug/CLK_12M.lst -g -D DEBUG -Wall -ffunction-sections -ffat-lto-objects -O0 -c Generated_Source\PSoC5\CLK_12M.c -o .\ARM_GCC_541\Debug\CLK_12M.o
arm-none-eabi-gcc.exe -mcpu=cortex-m3 -mthumb -I. -IGenerated_Source\PSoC5 -Wa,-alh=.\ARM_GCC_541\Debug/Baud115200.lst -g -D DEBUG -Wall -ffunction-sections -ffat-lto-objects -O0 -c Generated_Source\PSoC5\Baud115200.c -o .\ARM_GCC_541\Debug\Baud115200.o
arm-none-eabi-gcc.exe -mcpu=cortex-m3 -mthumb -I. -IGenerated_Source\PSoC5 -Wa,-alh=.\ARM_GCC_541\Debug/AlfatReset.lst -g -D DEBUG -Wall -ffunction-sections -ffat-lto-objects -O0 -c Generated_Source\PSoC5\AlfatReset.c -o .\ARM_GCC_541\Debug\AlfatReset.o
arm-none-eabi-gcc.exe -mcpu=cortex-m3 -mthumb -I. -IGenerated_Source\PSoC5 -Wa,-alh=.\ARM_GCC_541\Debug/ALFAT_POWER_EN.lst -g -D DEBUG -Wall -ffunction-sections -ffat-lto-objects -O0 -c Generated_Source\PSoC5\ALFAT_POWER_EN.c -o .\ARM_GCC_541\Debug\ALFAT_POWER_EN.o
arm-none-eabi-gcc.exe -mcpu=cortex-m3 -mthumb -I. -IGenerated_Source\PSoC5 -Wa,-alh=.\ARM_GCC_541\Debug/AlfatRxtInt.lst -g -D DEBUG -Wall -ffunction-sections -ffat-lto-objects -O0 -c Generated_Source\PSoC5\AlfatRxtInt.c -o .\ARM_GCC_541\Debug\AlfatRxtInt.o
arm-none-eabi-gcc.exe -mcpu=cortex-m3 -mthumb -I. -IGenerated_Source\PSoC5 -Wa,-alh=.\ARM_GCC_541\Debug/AlfatUart.lst -g -D DEBUG -Wall -ffunction-sections -ffat-lto-objects -O0 -c Generated_Source\PSoC5\AlfatUart.c -o .\ARM_GCC_541\Debug\AlfatUart.o
arm-none-eabi-gcc.exe -mcpu=cortex-m3 -mthumb -I. -IGenerated_Source\PSoC5 -Wa,-alh=.\ARM_GCC_541\Debug/AlfatUart_PM.lst -g -D DEBUG -Wall -ffunction-sections -ffat-lto-objects -O0 -c Generated_Source\PSoC5\AlfatUart_PM.c -o .\ARM_GCC_541\Debug\AlfatUart_PM.o
arm-none-eabi-gcc.exe -mcpu=cortex-m3 -mthumb -I. -IGenerated_Source\PSoC5 -Wa,-alh=.\ARM_GCC_541\Debug/AlfatUart_INT.lst -g -D DEBUG -Wall -ffunction-sections -ffat-lto-objects -O0 -c Generated_Source\PSoC5\AlfatUart_INT.c -o .\ARM_GCC_541\Debug\AlfatUart_INT.o
arm-none-eabi-gcc.exe -mcpu=cortex-m3 -mthumb -I. -IGenerated_Source\PSoC5 -Wa,-alh=.\ARM_GCC_541\Debug/AlfatUart_BOOT.lst -g -D DEBUG -Wall -ffunction-sections -ffat-lto-objects -O0 -c Generated_Source\PSoC5\AlfatUart_BOOT.c -o .\ARM_GCC_541\Debug\AlfatUart_BOOT.o
arm-none-eabi-gcc.exe -mcpu=cortex-m3 -mthumb -I. -IGenerated_Source\PSoC5 -Wa,-alh=.\ARM_GCC_541\Debug/LCD_DATA.lst -g -D DEBUG -Wall -ffunction-sections -ffat-lto-objects -O0 -c Generated_Source\PSoC5\LCD_DATA.c -o .\ARM_GCC_541\Debug\LCD_DATA.o
arm-none-eabi-gcc.exe -mcpu=cortex-m3 -mthumb -I. -IGenerated_Source\PSoC5 -Wa,-alh=.\ARM_GCC_541\Debug/ALFAT_CLK.lst -g -D DEBUG -Wall -ffunction-sections -ffat-lto-objects -O0 -c Generated_Source\PSoC5\ALFAT_CLK.c -o .\ARM_GCC_541\Debug\ALFAT_CLK.o
arm-none-eabi-gcc.exe -mcpu=cortex-m3 -mthumb -I. -IGenerated_Source\PSoC5 -Wa,-alh=.\ARM_GCC_541\Debug/RS232_CABLE_DETECT.lst -g -D DEBUG -Wall -ffunction-sections -ffat-lto-objects -O0 -c Generated_Source\PSoC5\RS232_CABLE_DETECT.c -o .\ARM_GCC_541\Debug\RS232_CABLE_DETECT.o
arm-none-eabi-gcc.exe -mcpu=cortex-m3 -mthumb -I. -IGenerated_Source\PSoC5 -Wa,-alh=.\ARM_GCC_541\Debug/BT_EN_Out.lst -g -D DEBUG -Wall -ffunction-sections -ffat-lto-objects -O0 -c Generated_Source\PSoC5\BT_EN_Out.c -o .\ARM_GCC_541\Debug\BT_EN_Out.o
arm-none-eabi-gcc.exe -mcpu=cortex-m3 -mthumb -I. -IGenerated_Source\PSoC5 -Wa,-alh=.\ARM_GCC_541\Debug/ROW_1.lst -g -D DEBUG -Wall -ffunction-sections -ffat-lto-objects -O0 -c Generated_Source\PSoC5\ROW_1.c -o .\ARM_GCC_541\Debug\ROW_1.o
arm-none-eabi-gcc.exe -mcpu=cortex-m3 -mthumb -I. -IGenerated_Source\PSoC5 -Wa,-alh=.\ARM_GCC_541\Debug/ROW_2.lst -g -D DEBUG -Wall -ffunction-sections -ffat-lto-objects -O0 -c Generated_Source\PSoC5\ROW_2.c -o .\ARM_GCC_541\Debug\ROW_2.o
arm-none-eabi-gcc.exe -mcpu=cortex-m3 -mthumb -I. -IGenerated_Source\PSoC5 -Wa,-alh=.\ARM_GCC_541\Debug/DIS_YES_ON.lst -g -D DEBUG -Wall -ffunction-sections -ffat-lto-objects -O0 -c Generated_Source\PSoC5\DIS_YES_ON.c -o .\ARM_GCC_541\Debug\DIS_YES_ON.o
arm-none-eabi-gcc.exe -mcpu=cortex-m3 -mthumb -I. -IGenerated_Source\PSoC5 -Wa,-alh=.\ARM_GCC_541\Debug/SHUT_OFF_IO.lst -g -D DEBUG -Wall -ffunction-sections -ffat-lto-objects -O0 -c Generated_Source\PSoC5\SHUT_OFF_IO.c -o .\ARM_GCC_541\Debug\SHUT_OFF_IO.o
arm-none-eabi-gcc.exe -mcpu=cortex-m3 -mthumb -I. -IGenerated_Source\PSoC5 -Wa,-alh=.\ARM_GCC_541\Debug/ON_OFF_INT_IO.lst -g -D DEBUG -Wall -ffunction-sections -ffat-lto-objects -O0 -c Generated_Source\PSoC5\ON_OFF_INT_IO.c -o .\ARM_GCC_541\Debug\ON_OFF_INT_IO.o
arm-none-eabi-gcc.exe -mcpu=cortex-m3 -mthumb -I. -IGenerated_Source\PSoC5 -Wa,-alh=.\ARM_GCC_541\Debug/isr_ON_OFF.lst -g -D DEBUG -Wall -ffunction-sections -ffat-lto-objects -O0 -c Generated_Source\PSoC5\isr_ON_OFF.c -o .\ARM_GCC_541\Debug\isr_ON_OFF.o
arm-none-eabi-gcc.exe -mcpu=cortex-m3 -mthumb -I. -IGenerated_Source\PSoC5 -Wa,-alh=.\ARM_GCC_541\Debug/OFF_NO.lst -g -D DEBUG -Wall -ffunction-sections -ffat-lto-objects -O0 -c Generated_Source\PSoC5\OFF_NO.c -o .\ARM_GCC_541\Debug\OFF_NO.o
arm-none-eabi-gcc.exe -mcpu=cortex-m3 -mthumb -I. -IGenerated_Source\PSoC5 -Wa,-alh=.\ARM_GCC_541\Debug/CE_TIME.lst -g -D DEBUG -Wall -ffunction-sections -ffat-lto-objects -O0 -c Generated_Source\PSoC5\CE_TIME.c -o .\ARM_GCC_541\Debug\CE_TIME.o
arm-none-eabi-gcc.exe -mcpu=cortex-m3 -mthumb -I. -IGenerated_Source\PSoC5 -Wa,-alh=.\ARM_GCC_541\Debug/UP_DOWN.lst -g -D DEBUG -Wall -ffunction-sections -ffat-lto-objects -O0 -c Generated_Source\PSoC5\UP_DOWN.c -o .\ARM_GCC_541\Debug\UP_DOWN.o
arm-none-eabi-gcc.exe -mcpu=cortex-m3 -mthumb -I. -IGenerated_Source\PSoC5 -Wa,-alh=.\ARM_GCC_541\Debug/STD_MAX_PR.lst -g -D DEBUG -Wall -ffunction-sections -ffat-lto-objects -O0 -c Generated_Source\PSoC5\STD_MAX_PR.c -o .\ARM_GCC_541\Debug\STD_MAX_PR.o
arm-none-eabi-gcc.exe -mcpu=cortex-m3 -mthumb -I. -IGenerated_Source\PSoC5 -Wa,-alh=.\ARM_GCC_541\Debug/MENU_START_ENTER.lst -g -D DEBUG -Wall -ffunction-sections -ffat-lto-objects -O0 -c Generated_Source\PSoC5\MENU_START_ENTER.c -o .\ARM_GCC_541\Debug\MENU_START_ENTER.o
arm-none-eabi-gcc.exe -mcpu=cortex-m3 -mthumb -I. -IGenerated_Source\PSoC5 -Wa,-alh=.\ARM_GCC_541\Debug/ESC_STORE.lst -g -D DEBUG -Wall -ffunction-sections -ffat-lto-objects -O0 -c Generated_Source\PSoC5\ESC_STORE.c -o .\ARM_GCC_541\Debug\ESC_STORE.o
arm-none-eabi-gcc.exe -mcpu=cortex-m3 -mthumb -I. -IGenerated_Source\PSoC5 -Wa,-alh=.\ARM_GCC_541\Debug/ONE_PRINT.lst -g -D DEBUG -Wall -ffunction-sections -ffat-lto-objects -O0 -c Generated_Source\PSoC5\ONE_PRINT.c -o .\ARM_GCC_541\Debug\ONE_PRINT.o
arm-none-eabi-gcc.exe -mcpu=cortex-m3 -mthumb -I. -IGenerated_Source\PSoC5 -Wa,-alh=.\ARM_GCC_541\Debug/THREE_EIGHT.lst -g -D DEBUG -Wall -ffunction-sections -ffat-lto-objects -O0 -c Generated_Source\PSoC5\THREE_EIGHT.c -o .\ARM_GCC_541\Debug\THREE_EIGHT.o
arm-none-eabi-gcc.exe -mcpu=cortex-m3 -mthumb -I. -IGenerated_Source\PSoC5 -Wa,-alh=.\ARM_GCC_541\Debug/FOUR_NINE.lst -g -D DEBUG -Wall -ffunction-sections -ffat-lto-objects -O0 -c Generated_Source\PSoC5\FOUR_NINE.c -o .\ARM_GCC_541\Debug\FOUR_NINE.o
arm-none-eabi-gcc.exe -mcpu=cortex-m3 -mthumb -I. -IGenerated_Source\PSoC5 -Wa,-alh=.\ARM_GCC_541\Debug/FIVE_ZERO.lst -g -D DEBUG -Wall -ffunction-sections -ffat-lto-objects -O0 -c Generated_Source\PSoC5\FIVE_ZERO.c -o .\ARM_GCC_541\Debug\FIVE_ZERO.o
arm-none-eabi-gcc.exe -mcpu=cortex-m3 -mthumb -I. -IGenerated_Source\PSoC5 -Wa,-alh=.\ARM_GCC_541\Debug/SIX_DEC.lst -g -D DEBUG -Wall -ffunction-sections -ffat-lto-objects -O0 -c Generated_Source\PSoC5\SIX_DEC.c -o .\ARM_GCC_541\Debug\SIX_DEC.o
arm-none-eabi-gcc.exe -mcpu=cortex-m3 -mthumb -I. -IGenerated_Source\PSoC5 -Wa,-alh=.\ARM_GCC_541\Debug/ON_YES.lst -g -D DEBUG -Wall -ffunction-sections -ffat-lto-objects -O0 -c Generated_Source\PSoC5\ON_YES.c -o .\ARM_GCC_541\Debug\ON_YES.o
arm-none-eabi-gcc.exe -mcpu=cortex-m3 -mthumb -I. -IGenerated_Source\PSoC5 -Wa,-alh=.\ARM_GCC_541\Debug/Status_KEY_COLUMN_0.lst -g -D DEBUG -Wall -ffunction-sections -ffat-lto-objects -O0 -c Generated_Source\PSoC5\Status_KEY_COLUMN_0.c -o .\ARM_GCC_541\Debug\Status_KEY_COLUMN_0.o
arm-none-eabi-gcc.exe -mcpu=cortex-m3 -mthumb -I. -IGenerated_Source\PSoC5 -Wa,-alh=.\ARM_GCC_541\Debug/Status_KEY_COLUMN_1.lst -g -D DEBUG -Wall -ffunction-sections -ffat-lto-objects -O0 -c Generated_Source\PSoC5\Status_KEY_COLUMN_1.c -o .\ARM_GCC_541\Debug\Status_KEY_COLUMN_1.o
arm-none-eabi-gcc.exe -mcpu=cortex-m3 -mthumb -I. -IGenerated_Source\PSoC5 -Wa,-alh=.\ARM_GCC_541\Debug/TWO_SEVEN.lst -g -D DEBUG -Wall -ffunction-sections -ffat-lto-objects -O0 -c Generated_Source\PSoC5\TWO_SEVEN.c -o .\ARM_GCC_541\Debug\TWO_SEVEN.o
arm-none-eabi-gcc.exe -mcpu=cortex-m3 -mthumb -I. -IGenerated_Source\PSoC5 -Wa,-alh=.\ARM_GCC_541\Debug/CHARGER_DETECT.lst -g -D DEBUG -Wall -ffunction-sections -ffat-lto-objects -O0 -c Generated_Source\PSoC5\CHARGER_DETECT.c -o .\ARM_GCC_541\Debug\CHARGER_DETECT.o
arm-none-eabi-gcc.exe -mcpu=cortex-m3 -mthumb -I. -IGenerated_Source\PSoC5 -Wa,-alh=.\ARM_GCC_541\Debug/GM_TUBE_SELECT.lst -g -D DEBUG -Wall -ffunction-sections -ffat-lto-objects -O0 -c Generated_Source\PSoC5\GM_TUBE_SELECT.c -o .\ARM_GCC_541\Debug\GM_TUBE_SELECT.o
arm-none-eabi-gcc.exe -mcpu=cortex-m3 -mthumb -I. -IGenerated_Source\PSoC5 -Wa,-alh=.\ARM_GCC_541\Debug/LCD_BK_EN.lst -g -D DEBUG -Wall -ffunction-sections -ffat-lto-objects -O0 -c Generated_Source\PSoC5\LCD_BK_EN.c -o .\ARM_GCC_541\Debug\LCD_BK_EN.o
arm-none-eabi-gcc.exe -mcpu=cortex-m3 -mthumb -I. -IGenerated_Source\PSoC5 -Wa,-alh=.\ARM_GCC_541\Debug/ALKALINE_ON.lst -g -D DEBUG -Wall -ffunction-sections -ffat-lto-objects -O0 -c Generated_Source\PSoC5\ALKALINE_ON.c -o .\ARM_GCC_541\Debug\ALKALINE_ON.o
arm-none-eabi-gcc.exe -mcpu=cortex-m3 -mthumb -I. -IGenerated_Source\PSoC5 -Wa,-alh=.\ARM_GCC_541\Debug/BB_EN.lst -g -D DEBUG -Wall -ffunction-sections -ffat-lto-objects -O0 -c Generated_Source\PSoC5\BB_EN.c -o .\ARM_GCC_541\Debug\BB_EN.o
arm-none-eabi-gcc.exe -mcpu=cortex-m3 -mthumb -I. -IGenerated_Source\PSoC5 -Wa,-alh=.\ARM_GCC_541\Debug/BUZZER.lst -g -D DEBUG -Wall -ffunction-sections -ffat-lto-objects -O0 -c Generated_Source\PSoC5\BUZZER.c -o .\ARM_GCC_541\Debug\BUZZER.o
arm-none-eabi-gcc.exe -mcpu=cortex-m3 -mthumb -I. -IGenerated_Source\PSoC5 -Wa,-alh=.\ARM_GCC_541\Debug/BUZZER_PM.lst -g -D DEBUG -Wall -ffunction-sections -ffat-lto-objects -O0 -c Generated_Source\PSoC5\BUZZER_PM.c -o .\ARM_GCC_541\Debug\BUZZER_PM.o
arm-none-eabi-gcc.exe -mcpu=cortex-m3 -mthumb -I. -IGenerated_Source\PSoC5 -Wa,-alh=.\ARM_GCC_541\Debug/Buzzer_Out.lst -g -D DEBUG -Wall -ffunction-sections -ffat-lto-objects -O0 -c Generated_Source\PSoC5\Buzzer_Out.c -o .\ARM_GCC_541\Debug\Buzzer_Out.o
arm-none-eabi-gcc.exe -mcpu=cortex-m3 -mthumb -I. -IGenerated_Source\PSoC5 -Wa,-alh=.\ARM_GCC_541\Debug/SD_POWER_EN.lst -g -D DEBUG -Wall -ffunction-sections -ffat-lto-objects -O0 -c Generated_Source\PSoC5\SD_POWER_EN.c -o .\ARM_GCC_541\Debug\SD_POWER_EN.o
arm-none-eabi-gcc.exe -mcpu=cortex-m3 -mthumb -I. -IGenerated_Source\PSoC5 -Wa,-alh=.\ARM_GCC_541\Debug/SD_CARD_DETECT.lst -g -D DEBUG -Wall -ffunction-sections -ffat-lto-objects -O0 -c Generated_Source\PSoC5\SD_CARD_DETECT.c -o .\ARM_GCC_541\Debug\SD_CARD_DETECT.o
arm-none-eabi-gcc.exe -mcpu=cortex-m3 -mthumb -I. -IGenerated_Source\PSoC5 -Wa,-alh=.\ARM_GCC_541\Debug/EEPROM.lst -g -D DEBUG -Wall -ffunction-sections -ffat-lto-objects -O0 -c Generated_Source\PSoC5\EEPROM.c -o .\ARM_GCC_541\Debug\EEPROM.o
arm-none-eabi-gcc.exe -mcpu=cortex-m3 -mthumb -I. -IGenerated_Source\PSoC5 -Wa,-alh=.\ARM_GCC_541\Debug/I2C_SCK.lst -g -D DEBUG -Wall -ffunction-sections -ffat-lto-objects -O0 -c Generated_Source\PSoC5\I2C_SCK.c -o .\ARM_GCC_541\Debug\I2C_SCK.o
arm-none-eabi-gcc.exe -mcpu=cortex-m3 -mthumb -I. -IGenerated_Source\PSoC5 -Wa,-alh=.\ARM_GCC_541\Debug/I2C_SDA.lst -g -D DEBUG -Wall -ffunction-sections -ffat-lto-objects -O0 -c Generated_Source\PSoC5\I2C_SDA.c -o .\ARM_GCC_541\Debug\I2C_SDA.o
arm-none-eabi-gcc.exe -mcpu=cortex-m3 -mthumb -I. -IGenerated_Source\PSoC5 -Wa,-alh=.\ARM_GCC_541\Debug/Cm3Start.lst -g -D DEBUG -Wall -ffunction-sections -ffat-lto-objects -O0 -c Generated_Source\PSoC5\Cm3Start.c -o .\ARM_GCC_541\Debug\Cm3Start.o
arm-none-eabi-gcc.exe -mcpu=cortex-m3 -mthumb -I. -IGenerated_Source\PSoC5 -Wa,-alh=.\ARM_GCC_541\Debug/CyDmac.lst -g -D DEBUG -Wall -ffunction-sections -ffat-lto-objects -O0 -c Generated_Source\PSoC5\CyDmac.c -o .\ARM_GCC_541\Debug\CyDmac.o
arm-none-eabi-gcc.exe -mcpu=cortex-m3 -mthumb -I. -IGenerated_Source\PSoC5 -Wa,-alh=.\ARM_GCC_541\Debug/CyFlash.lst -g -D DEBUG -Wall -ffunction-sections -ffat-lto-objects -O0 -c Generated_Source\PSoC5\CyFlash.c -o .\ARM_GCC_541\Debug\CyFlash.o
arm-none-eabi-gcc.exe -mcpu=cortex-m3 -mthumb -I. -IGenerated_Source\PSoC5 -Wa,-alh=.\ARM_GCC_541\Debug/CyLib.lst -g -D DEBUG -Wall -ffunction-sections -ffat-lto-objects -O0 -c Generated_Source\PSoC5\CyLib.c -o .\ARM_GCC_541\Debug\CyLib.o
arm-none-eabi-gcc.exe -mcpu=cortex-m3 -mthumb -I. -IGenerated_Source\PSoC5 -Wa,-alh=.\ARM_GCC_541\Debug/cyPm.lst -g -D DEBUG -Wall -ffunction-sections -ffat-lto-objects -O0 -c Generated_Source\PSoC5\cyPm.c -o .\ARM_GCC_541\Debug\cyPm.o
arm-none-eabi-gcc.exe -mcpu=cortex-m3 -mthumb -I. -IGenerated_Source\PSoC5 -Wa,-alh=.\ARM_GCC_541\Debug/CySpc.lst -g -D DEBUG -Wall -ffunction-sections -ffat-lto-objects -O0 -c Generated_Source\PSoC5\CySpc.c -o .\ARM_GCC_541\Debug\CySpc.o
arm-none-eabi-gcc.exe -mcpu=cortex-m3 -mthumb -I. -IGenerated_Source\PSoC5 -Wa,-alh=.\ARM_GCC_541\Debug/cyutils.lst -g -D DEBUG -Wall -ffunction-sections -ffat-lto-objects -O0 -c Generated_Source\PSoC5\cyutils.c -o .\ARM_GCC_541\Debug\cyutils.o
arm-none-eabi-as.exe -mcpu=cortex-m3 -mthumb -I. -IGenerated_Source\PSoC5 -alh=.\ARM_GCC_541\Debug/CyBootAsmGnu.lst -g -o .\ARM_GCC_541\Debug\CyBootAsmGnu.o Generated_Source\PSoC5\CyBootAsmGnu.s
arm-none-eabi-ar.exe -rs .\ARM_GCC_541\Debug\ThinPAVEBootloader.a .\ARM_GCC_541\Debug\Bootloader_1.o .\ARM_GCC_541\Debug\LCDEN.o .\ARM_GCC_541\Debug\LCDEN_PM.o .\ARM_GCC_541\Debug\LCDRS.o .\ARM_GCC_541\Debug\LCDRS_PM.o .\ARM_GCC_541\Debug\LCD_RST.o .\ARM_GCC_541\Debug\LCD_ENABLE.o .\ARM_GCC_541\Debug\LCD_RD_Reg.o .\ARM_GCC_541\Debug\LCD_Reg.o .\ARM_GCC_541\Debug\LCD_Reg_PM.o .\ARM_GCC_541\Debug\ALFAT_EN.o .\ARM_GCC_541\Debug\ALFAT_EN_PM.o .\ARM_GCC_541\Debug\CLK_12M.o .\ARM_GCC_541\Debug\Baud115200.o .\ARM_GCC_541\Debug\AlfatReset.o .\ARM_GCC_541\Debug\ALFAT_POWER_EN.o .\ARM_GCC_541\Debug\AlfatRxtInt.o .\ARM_GCC_541\Debug\AlfatUart.o .\ARM_GCC_541\Debug\AlfatUart_PM.o .\ARM_GCC_541\Debug\AlfatUart_INT.o .\ARM_GCC_541\Debug\AlfatUart_BOOT.o .\ARM_GCC_541\Debug\LCD_DATA.o .\ARM_GCC_541\Debug\ALFAT_CLK.o .\ARM_GCC_541\Debug\RS232_CABLE_DETECT.o .\ARM_GCC_541\Debug\BT_EN_Out.o .\ARM_GCC_541\Debug\ROW_1.o .\ARM_GCC_541\Debug\ROW_2.o .\ARM_GCC_541\Debug\DIS_YES_ON.o .\ARM_GCC_541\Debug\SHUT_OFF_IO.o .\ARM_GCC_541\Debug\ON_OFF_INT_IO.o .\ARM_GCC_541\Debug\isr_ON_OFF.o .\ARM_GCC_541\Debug\OFF_NO.o .\ARM_GCC_541\Debug\CE_TIME.o .\ARM_GCC_541\Debug\UP_DOWN.o .\ARM_GCC_541\Debug\STD_MAX_PR.o .\ARM_GCC_541\Debug\MENU_START_ENTER.o .\ARM_GCC_541\Debug\ESC_STORE.o .\ARM_GCC_541\Debug\ONE_PRINT.o .\ARM_GCC_541\Debug\THREE_EIGHT.o .\ARM_GCC_541\Debug\FOUR_NINE.o .\ARM_GCC_541\Debug\FIVE_ZERO.o .\ARM_GCC_541\Debug\SIX_DEC.o .\ARM_GCC_541\Debug\ON_YES.o .\ARM_GCC_541\Debug\Status_KEY_COLUMN_0.o .\ARM_GCC_541\Debug\Status_KEY_COLUMN_1.o .\ARM_GCC_541\Debug\TWO_SEVEN.o .\ARM_GCC_541\Debug\CHARGER_DETECT.o .\ARM_GCC_541\Debug\GM_TUBE_SELECT.o .\ARM_GCC_541\Debug\LCD_BK_EN.o .\ARM_GCC_541\Debug\ALKALINE_ON.o .\ARM_GCC_541\Debug\BB_EN.o .\ARM_GCC_541\Debug\BUZZER.o .\ARM_GCC_541\Debug\BUZZER_PM.o .\ARM_GCC_541\Debug\Buzzer_Out.o .\ARM_GCC_541\Debug\SD_POWER_EN.o .\ARM_GCC_541\Debug\SD_CARD_DETECT.o .\ARM_GCC_541\Debug\EEPROM.o .\ARM_GCC_541\Debug\I2C_SCK.o .\ARM_GCC_541\Debug\I2C_SDA.o .\ARM_GCC_541\Debug\CyDmac.o .\ARM_GCC_541\Debug\CyFlash.o .\ARM_GCC_541\Debug\CyLib.o .\ARM_GCC_541\Debug\cyPm.o .\ARM_GCC_541\Debug\CySpc.o .\ARM_GCC_541\Debug\cyutils.o .\ARM_GCC_541\Debug\CyBootAsmGnu.o
arm-none-eabi-ar.exe: creating .\ARM_GCC_541\Debug\ThinPAVEBootloader.a
arm-none-eabi-gcc.exe -Wl,--start-group -o "C:\D_Projects\Software\PSOC5\ThinPAVE\ThinPave REV 1.02.cydsn\ThinPAVEBootloader.cydsn\ARM_GCC_541\Debug\ThinPAVEBootloader.elf" .\ARM_GCC_541\Debug\main.o .\ARM_GCC_541\Debug\lcd.o .\ARM_GCC_541\Debug\cyfitter_cfg.o .\ARM_GCC_541\Debug\cymetadata.o .\ARM_GCC_541\Debug\Cm3Start.o .\ARM_GCC_541\Debug\ThinPAVEBootloader.a "C:\Program Files (x86)\Cypress\PSoC Creator\4.1\PSoC Creator\psoc\content\cycomponentlibrary\CyComponentLibrary.cylib\CortexM3\ARM_GCC_541\Debug\CyComponentLibrary.a" -mcpu=cortex-m3 -mthumb -L Generated_Source\PSoC5 -Wl,-Map,.\ARM_GCC_541\Debug/ThinPAVEBootloader.map -T Generated_Source\PSoC5\cm3gcc.ld -specs=nano.specs -Wl,--gc-sections -g -ffunction-sections -O0 -ffat-lto-objects -Wl,--end-group
cyelftool.exe -P "C:\D_Projects\Software\PSOC5\ThinPAVE\ThinPave REV 1.02.cydsn\ThinPAVEBootloader.cydsn\ARM_GCC_541\Debug\ThinPAVEBootloader.elf" --flash_row_size 256 --flash_size 262144 --flash_offset 0x00000000 --size_var_name Bootloader_1_SizeBytes --checksum_var_name Bootloader_1_Checksum
cyelftool.exe -S "C:\D_Projects\Software\PSOC5\ThinPAVE\ThinPave REV 1.02.cydsn\ThinPAVEBootloader.cydsn\ARM_GCC_541\Debug\ThinPAVEBootloader.elf"
Flash used: 15224 of 262144 bytes (5.8%). Application: 14968 bytes. Metadata: 256 bytes.
SRAM used: 17925 of 65536 bytes (27.4%). Stack: 8192 bytes. Heap: 8192 bytes.
--------------- Build Succeeded: 04/02/2025 10:38:22 ---------------
